<?xml version="1.0" encoding="UTF-8"?>
<!-- Generated by org.testng.reporters.JUnitXMLReporter -->
<testsuite ignored="0" hostname="ATMECSINDT-083" failures="0" tests="3" name="Test" time="18.91" errors="0" timestamp="26 Sep 2019 11:06:47 GMT">
  <testcase classname="com.atmecs.TestScript.ValidateFooter" name="verifyFooter" time="1.624"/>
  <testcase classname="com.atmecs.TestScript.ValidateFooter" name="validateContextMenu" time="0.004"/>
  <testcase classname="com.atmecs.TestScript.ValidateBlogs" name="validateBlogDate" time="3.203"/>
</testsuite> <!-- Test -->
