-------------------------------------------------------------------------------
Test set: TestSuite
-------------------------------------------------------------------------------
Tests run: 4, Failures: 1, Errors: 0, Skipped: 2, Time elapsed: 20.258 s <<< FAILURE! - in TestSuite
tearDown(com.atmecs.TestScript.ValidateFooter)  Time elapsed: 5.952 s  <<< FAILURE!
java.lang.NoClassDefFoundError: org/apache/commons/io/FileUtils
Caused by: java.lang.ClassNotFoundException: org.apache.commons.io.FileUtils

