<?xml version="1.0" encoding="UTF-8"?>
<!-- Generated by org.testng.reporters.JUnitXMLReporter -->
<testsuite ignored="0" hostname="ATMECSINDT-083" failures="0" tests="2" name="Test" time="15.97" errors="0" timestamp="2019-09-26T17:19:05 IST">
  <testcase classname="com.atmecs.Report.ExtendReport" name="@AfterMethod tearDown" time="2.704">
    <failure type="java.lang.NoClassDefFoundError" message="org/apache/commons/io/FileUtils">
      <![CDATA[java.lang.NoClassDefFoundError: org/apache/commons/io/FileUtils
at com.atmecs.Report.ExtendReport.getScreenshot(ExtendReport.java:64)
at com.atmecs.Report.ExtendReport.tearDown(ExtendReport.java:53)
at java.base/java.util.ArrayList.forEach(ArrayList.java:1540)
Caused by: java.lang.ClassNotFoundException: org.apache.commons.io.FileUtils
at java.base/jdk.internal.loader.BuiltinClassLoader.loadClass(BuiltinClassLoader.java:583)
at java.base/jdk.internal.loader.ClassLoaders$AppClassLoader.loadClass(ClassLoaders.java:178)
at java.base/java.lang.ClassLoader.loadClass(ClassLoader.java:521)
... 40 more
... Removed 37 stack frames]]>
    </failure>
  </testcase> <!-- @AfterMethod tearDown -->
  <testcase classname="com.atmecs.Report.ExtendReport" name="@AfterMethod tearDown" time="-1.569498545103E9">
    <skipped/>
  </testcase> <!-- @AfterMethod tearDown -->
  <testcase classname="com.atmecs.TestScript.ValidateFooter" name="verifyFooter" time="3.233"/>
  <testcase classname="com.atmecs.TestScript.ValidateFooter" name="validateContextMenu" time="0.0">
    <skipped/>
  </testcase> <!-- validateContextMenu -->
</testsuite> <!-- Test -->
